<?xml version="1.0" encoding="UTF-8"?>
<!-- Generated by org.testng.reporters.JUnitReportReporter -->
<testsuite hostname="CY1Z332-0674" failures="0" tests="1" name="kdf.Application" time="22.695" errors="0" timestamp="2021-11-09T12:13:17 EST" skipped="0">
  <testcase classname="kdf.Application" name="verifyInvalidLogin" time="22.695"/>
  <system-out/>
</testsuite> <!-- kdf.Application -->
